<?xml version="1.0" encoding="UTF-8"?>
<!-- Generated by org.testng.reporters.JUnitReportReporter -->
<testsuite hostname="Vince" failures="0" tests="3" name="com.vince.steps.LogIn" time="1.348" errors="0" timestamp="08 Feb 2019 16:07:36 GMT" skipped="0">
  <testcase classname="com.vince.steps.LogIn" name="selectlogin" time="0.349"/>
  <testcase classname="com.vince.steps.LogIn" name="login" time="0.396"/>
  <testcase classname="com.vince.steps.LogIn" name="makeappointment" time="0.603"/>
</testsuite> <!-- com.vince.steps.LogIn -->
