<?xml version="1.0" encoding="UTF-8"?>
<!-- Generated by org.testng.reporters.JUnitReportReporter -->
<testsuite skipped="0" hostname="Vincent" name="com.vince.steps.LogIn" tests="3" failures="0" timestamp="08 Feb 2019 19:22:34 GMT" time="1.849" errors="0">
  <testcase name="selectlogin" time="0.497" classname="com.vince.steps.LogIn"/>
  <testcase name="login" time="0.460" classname="com.vince.steps.LogIn"/>
  <testcase name="makeappointment" time="0.892" classname="com.vince.steps.LogIn"/>
</testsuite> <!-- com.vince.steps.LogIn -->
